{"level":"info","message":"[GET] /alzcare/v1 404 9.688 ms"}
{"level":"info","message":"[GET] /alzcare/v1/care-giver/medical-details 200 36.174 ms"}
{"level":"info","message":"[GET]  500 5.497 ms"}
{"level":"info","message":"[GET]  500 35.347 ms"}
{"level":"info","message":"[GET] /alzcare/v1/care-giver/medical-details 200 27.523 ms"}
{"level":"info","message":"[DELETE] /alzcare/v1/care-giver/medical-details 404 9.253 ms"}
{"level":"info","message":"[POST] /alzcare/v1/care-giver/medication-reminder 200 122.376 ms"}
{"level":"info","message":"[PUT] /alzcare/v1/care-giver/medication-reminder/reate-patient-medication-reminder/65f42fd3723b8b13b8f9037a 404 5.337 ms"}
{"level":"info","message":"[GET] /alzcare/v1/care-giver/medication-reminder 404 20.695 ms"}
{"level":"info","message":"[GET] /alzcare/v1/care-giver/medication-reminder/get-all-patient-medication-reminder 404 6.232 ms"}
{"level":"info","message":"[GET] /alzcare/v1/care-giver/medication-reminder 400 7.144 ms"}
{"level":"info","message":"[GET] /alzcare/v1/care-giver/medication-reminder 200 34.24 ms"}
{"level":"info","message":"[DELETE] /alzcare/v1/care-giver/medication-reminder 404 20.715 ms"}
{"level":"info","message":"[POST] /alzcare/v1/care-giver/test 200 2,739.74 ms"}
{"level":"info","message":"[PUT] /alzcare/v1/care-giver/test/update-patient-test/65e8c52822e891342caa225f 404 8.604 ms"}
{"level":"info","message":"[PUT] /alzcare/v1/care-giver/test 404 34.479 ms"}
{"level":"info","message":"[GET] /alzcare/v1/care-giver/test 404 32.739 ms"}
{"level":"info","message":"[GET] /alzcare/v1/care-giver/test 200 10.181 ms"}
{"level":"info","message":"[DELETE] /alzcare/v1/care-giver/test 404 13.391 ms"}
{"level":"info","message":"[GET]  200 1,001.722 ms"}
{"level":"info","message":"[GET] /favicon.ico 404 1.505 ms"}
{"level":"info","message":"[GET]  304 9.352 ms"}
{"level":"info","message":"[GET]  304 16.613 ms"}
{"level":"error","message":"Uncaught Exception: promise is not defined"}
{"level":"info","message":"[POST] /alzcare/v1/chat 200 70.782 ms"}
{"level":"info","message":"[POST]  500 27.773 ms"}
{"level":"info","message":"[POST]  500 32.425 ms"}
{"level":"info","message":"[POST]  500 18.724 ms"}
{"level":"info","message":"[POST]  500 25.333 ms"}
{"level":"error","message":"Uncaught Exception: promise is not defined"}
{"level":"error","message":"Uncaught Exception: promise is not defined"}
{"level":"error","message":"Uncaught Exception: promise is not defined"}
{"level":"error","message":"Uncaught Exception: ReferenceError: promise is not defined\n    at process.<anonymous> (/mnt/d/AlzCare/src/server.js:24:43)\n    at process.emit (node:events:530:35)\n    at emit (node:internal/process/promises:150:20)\n    at processPromiseRejections (node:internal/process/promises:284:27)\n    at process.processTicksAndRejections (node:internal/process/task_queues:96:32)"}
{"level":"error","message":"Unhandled Rejection at:"}
{"level":"error","message":"Unhandled Rejection: databaseService is not defined"}
{"level":"error","message":"Unhandled Rejection: recipientId is not defined"}
{"level":"info","message":"[POST] /alzcare/v1/community 404 46.411 ms"}
{"level":"info","message":"[POST]  500 5,088.575 ms"}
{"level":"info","message":"[POST]  500 5,027.55 ms"}
{"level":"info","message":"[POST]  500 55.408 ms"}
{"level":"info","message":"[POST]  500 5,127.835 ms"}
{"level":"info","message":"[POST]  500 5,111.574 ms"}
{"level":"info","message":"[POST]  500 5,137.561 ms"}
{"level":"info","message":"[POST]  500 5,130.889 ms"}
{"level":"info","message":"[POST]  500 5,154.941 ms"}
{"level":"info","message":"[POST]  500 5,102.797 ms"}
{"level":"info","message":"[POST] /alzcare/v1/chat 200 30.943 ms"}
{"level":"info","message":"[POST]  500 5,022.322 ms"}
{"level":"info","message":"[POST]  500 5,179.572 ms"}
{"level":"info","message":"[POST]  500 5,104.539 ms"}
{"level":"info","message":"[POST]  500 5,039.652 ms"}
{"level":"info","message":"[POST]  500 5,089.427 ms"}
{"error":{"http_code":499,"message":"Request Timeout","name":"TimeoutError"},"level":"error","message":"Error uploading file:"}
{"level":"info","message":"[POST]  500 5,114.124 ms"}
{"error":{"http_code":499,"message":"Request Timeout","name":"TimeoutError"},"level":"error","message":"Error uploading file:"}
{"level":"info","message":"[POST]  500 5,113.186 ms"}
{"error":{"http_code":499,"message":"Request Timeout","name":"TimeoutError"},"level":"error","message":"Error uploading file:"}
{"level":"info","message":"[POST]  500 5,131.55 ms"}
{"error":{"http_code":499,"message":"Request Timeout","name":"TimeoutError"},"level":"error","message":"Error uploading file:"}
{"level":"info","message":"[POST]  500 5,088.903 ms"}
{"error":{"http_code":499,"message":"Request Timeout","name":"TimeoutError"},"level":"error","message":"Error uploading file:"}
{"level":"info","message":"[POST]  500 5,131.25 ms"}
{"error":{"http_code":499,"message":"Request Timeout","name":"TimeoutError"},"level":"error","message":"Error uploading file:"}
{"level":"info","message":"[POST]  500 5,116.697 ms"}
{"error":{"http_code":499,"message":"Request Timeout","name":"TimeoutError"},"level":"error","message":"Error uploading file:"}
{"level":"info","message":"[POST]  500 5,106.934 ms"}
{"level":"info","message":"[POST]  500 5,190.825 ms"}
{"error":{"http_code":499,"message":"Request Timeout","name":"TimeoutError"},"level":"error","message":"Error uploading file:"}
{"level":"info","message":"[POST]  500 5,101.035 ms"}
{"level":"info","message":"[GET] /alzcare/v1/community 200 133.642 ms"}
{"error":{"http_code":499,"message":"Request Timeout","name":"TimeoutError"},"level":"error","message":"Error uploading file:"}
{"level":"info","message":"[POST]  500 5,082.086 ms"}
{"level":"info","message":"[GET]  200 254.895 ms"}
{"level":"info","message":"[GET]  200 307.61 ms"}
{"level":"info","message":"[GET]  404 7.132 ms"}
{"level":"info","message":"[GET] /favicon.ico 404 1.43 ms"}
{"level":"info","message":"[GET]  200 28.004 ms"}
{"level":"info","message":"[GET]  304 5.096 ms"}
{"level":"info","message":"[GET]  200 7.546 ms"}
{"level":"info","message":"[GET]  200 17.594 ms"}
{"level":"info","message":"[GET]  200 53.025 ms"}
{"level":"info","message":"[GET]  304 1.078 ms"}
{"level":"info","message":"[GET]  500 3,837.772 ms"}
{"level":"info","message":"[GET]  500 3,540.3 ms"}
{"level":"info","message":"[GET]  200 55.726 ms"}
{"level":"info","message":"[GET]  304 17.994 ms"}
{"level":"info","message":"[GET]  304 352.773 ms"}
{"level":"info","message":"[POST] /alzcare/v1/medication-reminder 200 256.326 ms"}
{"level":"info","message":"[POST] /alzcare/v1/medication-reminder 200 227.085 ms"}
{"level":"error","message":"Unhandled Rejection: Notification validation failed: user: Path `user` is required."}
{"level":"error","message":"Unhandled Rejection: Notification validation failed: user: Path `user` is required."}
{"level":"error","message":"Unhandled Rejection: Notification validation failed: user: Path `user` is required."}
{"level":"error","message":"Unhandled Rejection: message is not defined"}
{"level":"info","message":"[POST] /alzcare/v1/community 401 11.285 ms"}
{"level":"info","message":"[POST] /alzcare/v1/auth 200 483.616 ms"}
{"level":"info","message":"[POST] /alzcare/v1/community 401 2.105 ms"}
{"level":"info","message":"[POST] /alzcare/v1/community 401 1.892 ms"}
{"api_key":"429359413165878","asset_id":"8d2b9c722eef8e81b2859eebd164cb86","bytes":62247,"created_at":"2024-05-26T09:26:38Z","etag":"563e011b6eace1c4c91dd18f3771a281","folder":"","format":"png","height":368,"level":"info","message":"File uploaded successfully:","original_filename":"1716715597778--293934df-580d-46a3-8769-8f686c1f556b--Screenshot 2024-02-06 012017","placeholder":false,"public_id":"nb9tvovo3cz8jb7k3tax","resource_type":"image","secure_url":"https://res.cloudinary.com/dlaphiz77/image/upload/v1716715598/nb9tvovo3cz8jb7k3tax.png","signature":"ff815987e90c453612f89ceb928eb508f686a17c","tags":[],"type":"upload","url":"http://res.cloudinary.com/dlaphiz77/image/upload/v1716715598/nb9tvovo3cz8jb7k3tax.png","version":1716715598,"version_id":"2488df7d22cf14aafa3633b81679ad2d","width":261}
{"level":"info","message":"[POST] /alzcare/v1/community 200 1,881.448 ms"}
{"level":"info","message":"[POST] /alzcare/v1/community 200 4.42 ms"}
{"api_key":"429359413165878","asset_id":"0533dd3bab3941d2dc440cf911486b40","bytes":62247,"created_at":"2024-05-26T09:28:45Z","etag":"563e011b6eace1c4c91dd18f3771a281","folder":"","format":"png","height":368,"level":"info","message":"File uploaded successfully:","original_filename":"1716715724371--b227f321-1acb-4ff8-866c-c784e809ae97--Screenshot 2024-02-06 012017","placeholder":false,"public_id":"w5esr5hhpzlcgrotre4f","resource_type":"image","secure_url":"https://res.cloudinary.com/dlaphiz77/image/upload/v1716715725/w5esr5hhpzlcgrotre4f.png","signature":"58b3a663a835c81a143f52f008f6c77fd15ff2af","tags":[],"type":"upload","url":"http://res.cloudinary.com/dlaphiz77/image/upload/v1716715725/w5esr5hhpzlcgrotre4f.png","version":1716715725,"version_id":"bfdc88d12f1c83f01c58e48846af2f38","width":261}
{"level":"info","message":"[POST] /alzcare/v1/community 200 2,216.415 ms"}
{"level":"info","message":"[POST] /alzcare/v1/community 200 4.897 ms"}
{"level":"info","message":"[POST] /alzcare/v1/auth 422 309.058 ms"}
{"level":"info","message":"[POST] /alzcare/v1/auth 200 361.505 ms"}
{"level":"info","message":"[POST] /alzcare/v1/auth 200 331.668 ms"}
{"level":"info","message":"[POST] /alzcare/v1/auth 401 3.408 ms"}
{"level":"info","message":"[POST] /alzcare/v1/auth 401 14.629 ms"}
{"level":"info","message":"[POST] /alzcare/v1/auth 401 26.743 ms"}
{"level":"info","message":"[POST] /alzcare/v1/auth 401 7.468 ms"}
{"level":"info","message":"[POST] /alzcare/v1/auth 401 39.174 ms"}
{"level":"info","message":"[POST] /alzcare/v1/auth 401 10.222 ms"}
{"level":"info","message":"[POST] /alzcare/v1/auth 401 22.276 ms"}
{"level":"info","message":"[POST] /alzcare/v1/auth 200 361.737 ms"}
{"level":"info","message":"[POST] /alzcare/v1/auth 200 7.083 ms"}
{"level":"info","message":"[POST] /alzcare/v1/auth 200 32.195 ms"}
{"level":"info","message":"[POST] /alzcare/v1/auth 200 79.24 ms"}
{"level":"error","message":"Unhandled Rejection: Cannot read properties of undefined (reading '_id')"}
{"level":"error","message":"Unhandled Rejection: Cannot read properties of undefined (reading 'deviceToken')"}
